<?xml version="1.0" encoding="UTF-8"?>
<!-- Generated by org.testng.reporters.JUnitReportReporter -->
<testsuite hostname="CAD380" failures="0" tests="3" name="stepDefinitions.WCMGPAEnrollmentStepDefinitions" time="82.904" errors="0" timestamp="2021-07-21T17:19:44 EDT" skipped="0">
  <testcase classname="stepDefinitions.WCMGPAEnrollmentStepDefinitions" name="user_is_logged_into_the_home_page" time="15.600"/>
  <system-out/>
  <testcase classname="stepDefinitions.WCMGPAEnrollmentStepDefinitions" name="user_navigates_to_rules_tab_to_create_mgpa_enrollment" time="7.519"/>
  <system-out/>
  <testcase classname="stepDefinitions.WCMGPAEnrollmentStepDefinitions" name="mgpa_enrollment_rule_is_created_with_unique_enrollment_id" time="59.785"/>
  <system-out/>
</testsuite> <!-- stepDefinitions.WCMGPAEnrollmentStepDefinitions -->
