<?xml version="1.0" encoding="UTF-8"?>
<!-- Generated by org.testng.reporters.JUnitReportReporter -->
<testsuite hostname="CAD380" failures="0" tests="3" name="stepDefinitions.WCApplicationCatalogueAEStepDefinitions" time="57.485" errors="0" timestamp="2021-08-09T12:49:56 EDT" skipped="0">
  <testcase classname="stepDefinitions.WCApplicationCatalogueAEStepDefinitions" name="user_is_logged_into_the_home_page" time="12.766"/>
  <system-out/>
  <testcase classname="stepDefinitions.WCApplicationCatalogueAEStepDefinitions" name="user_navigates_to_global_settings_to_bind_google_account" time="9.883"/>
  <system-out/>
  <testcase classname="stepDefinitions.WCApplicationCatalogueAEStepDefinitions" name="android_enterprise_binding_should_be_completed" time="34.836"/>
  <system-out/>
</testsuite> <!-- stepDefinitions.WCApplicationCatalogueAEStepDefinitions -->
