<?xml version="1.0" encoding="UTF-8"?>
<!-- Generated by org.testng.reporters.JUnitReportReporter -->
<testsuite hostname="CAD380" failures="0" tests="3" name="stepDefinitions.WCCleanEnrollment" time="34.005" errors="0" timestamp="2021-06-25T13:05:37 EDT" skipped="0">
  <testcase classname="stepDefinitions.WCCleanEnrollment" name="user_is_logged_into_the_home_page" time="13.268"/>
  <system-out/>
  <testcase classname="stepDefinitions.WCCleanEnrollment" name="user_navigates_to_rules_tab_to_create_clean_enrollment" time="7.650"/>
  <system-out/>
  <testcase classname="stepDefinitions.WCCleanEnrollment" name="clean_enrollment_rule_is_created_with_unique_enrollment_id" time="13.087"/>
  <system-out/>
</testsuite> <!-- stepDefinitions.WCCleanEnrollment -->
