<?xml version="1.0" encoding="UTF-8"?>
<!-- Generated by org.testng.reporters.JUnitReportReporter -->
<testsuite hostname="CAL210" failures="2" tests="10" name="stepDefinitions.EnrollmentStepDefinitions" time="163.316" errors="0" timestamp="2021-06-11T13:25:44 EDT" skipped="8">
  <testcase classname="stepDefinitions.EnrollmentStepDefinitions" name="the_agent_is_installed" time="30.694">
    <failure message="Failed to find or click element:enrollmentId" type="java.lang.AssertionError">
      <![CDATA[java.lang.AssertionError: Failed to find or click element:enrollmentId
at org.testng.Assert.fail(Assert.java:99)
at utility.Actions.sotiClick(Actions.java:63)
at pages.DeviceEnrollmentPage.launchApp(DeviceEnrollmentPage.java:55)
at stepDefinitions.EnrollmentStepDefinitions.the_agent_is_installed(EnrollmentStepDefinitions.java:44)
at java.base/jdk.internal.reflect.NativeMethodAccessorImpl.invoke0(Native Method)
at java.base/jdk.internal.reflect.NativeMethodAccessorImpl.invoke(NativeMethodAccessorImpl.java:64)
at java.base/jdk.internal.reflect.DelegatingMethodAccessorImpl.invoke(DelegatingMethodAccessorImpl.java:43)
at java.base/java.lang.reflect.Method.invoke(Method.java:564)
at org.testng.internal.MethodInvocationHelper.invokeMethod(MethodInvocationHelper.java:133)
at org.testng.internal.TestInvoker.invokeMethod(TestInvoker.java:598)
at org.testng.internal.TestInvoker.retryFailed(TestInvoker.java:213)
at org.testng.internal.MethodRunner.runInSequence(MethodRunner.java:58)
at org.testng.internal.TestInvoker$MethodInvocationAgent.invoke(TestInvoker.java:824)
at org.testng.internal.TestInvoker.invokeTestMethods(TestInvoker.java:146)
at org.testng.internal.TestMethodWorker.invokeTestMethods(TestMethodWorker.java:146)
at org.testng.internal.TestMethodWorker.run(TestMethodWorker.java:128)
at java.base/java.util.ArrayList.forEach(ArrayList.java:1511)
at org.testng.TestRunner.privateRun(TestRunner.java:794)
at org.testng.TestRunner.run(TestRunner.java:596)
at org.testng.SuiteRunner.runTest(SuiteRunner.java:377)
at org.testng.SuiteRunner.runSequentially(SuiteRunner.java:371)
at org.testng.SuiteRunner.privateRun(SuiteRunner.java:332)
at org.testng.SuiteRunner.run(SuiteRunner.java:276)
at org.testng.SuiteRunnerWorker.runSuite(SuiteRunnerWorker.java:53)
at org.testng.SuiteRunnerWorker.run(SuiteRunnerWorker.java:96)
at org.testng.TestNG.runSuitesSequentially(TestNG.java:1212)
at org.testng.TestNG.runSuitesLocally(TestNG.java:1134)
at org.testng.TestNG.runSuites(TestNG.java:1063)
at org.testng.TestNG.run(TestNG.java:1031)
at org.testng.remote.AbstractRemoteTestNG.run(AbstractRemoteTestNG.java:115)
at org.testng.remote.RemoteTestNG.initAndRun(RemoteTestNG.java:251)
at org.testng.remote.RemoteTestNG.main(RemoteTestNG.java:77)
]]>
    </failure>
  </testcase> <!-- the_agent_is_installed -->
  <system-out/>
  <testcase classname="stepDefinitions.EnrollmentStepDefinitions" name="enrollment" time="1.063">
    <failure message="Failed to find or click element:enrollmentId" type="java.lang.AssertionError">
      <![CDATA[java.lang.AssertionError: Failed to find or click element:enrollmentId
at org.testng.Assert.fail(Assert.java:99)
at utility.Actions.sotiSendkeys(Actions.java:136)
at pages.DeviceEnrollmentPage.enrollmentFlow(DeviceEnrollmentPage.java:63)
at stepDefinitions.EnrollmentStepDefinitions.enrollment(EnrollmentStepDefinitions.java:54)
at java.base/jdk.internal.reflect.NativeMethodAccessorImpl.invoke0(Native Method)
at java.base/jdk.internal.reflect.NativeMethodAccessorImpl.invoke(NativeMethodAccessorImpl.java:64)
at java.base/jdk.internal.reflect.DelegatingMethodAccessorImpl.invoke(DelegatingMethodAccessorImpl.java:43)
at java.base/java.lang.reflect.Method.invoke(Method.java:564)
at org.testng.internal.MethodInvocationHelper.invokeMethod(MethodInvocationHelper.java:133)
at org.testng.internal.TestInvoker.invokeMethod(TestInvoker.java:598)
at org.testng.internal.TestInvoker.retryFailed(TestInvoker.java:213)
at org.testng.internal.MethodRunner.runInSequence(MethodRunner.java:58)
at org.testng.internal.TestInvoker$MethodInvocationAgent.invoke(TestInvoker.java:824)
at org.testng.internal.TestInvoker.invokeTestMethods(TestInvoker.java:146)
at org.testng.internal.TestMethodWorker.invokeTestMethods(TestMethodWorker.java:146)
at org.testng.internal.TestMethodWorker.run(TestMethodWorker.java:128)
at java.base/java.util.ArrayList.forEach(ArrayList.java:1511)
at org.testng.TestRunner.privateRun(TestRunner.java:794)
at org.testng.TestRunner.run(TestRunner.java:596)
at org.testng.SuiteRunner.runTest(SuiteRunner.java:377)
at org.testng.SuiteRunner.runSequentially(SuiteRunner.java:371)
at org.testng.SuiteRunner.privateRun(SuiteRunner.java:332)
at org.testng.SuiteRunner.run(SuiteRunner.java:276)
at org.testng.SuiteRunnerWorker.runSuite(SuiteRunnerWorker.java:53)
at org.testng.SuiteRunnerWorker.run(SuiteRunnerWorker.java:96)
at org.testng.TestNG.runSuitesSequentially(TestNG.java:1212)
at org.testng.TestNG.runSuitesLocally(TestNG.java:1134)
at org.testng.TestNG.runSuites(TestNG.java:1063)
at org.testng.TestNG.run(TestNG.java:1031)
at org.testng.remote.AbstractRemoteTestNG.run(AbstractRemoteTestNG.java:115)
at org.testng.remote.RemoteTestNG.initAndRun(RemoteTestNG.java:251)
at org.testng.remote.RemoteTestNG.main(RemoteTestNG.java:77)
]]>
    </failure>
  </testcase> <!-- enrollment -->
  <system-out/>
  <testcase classname="stepDefinitions.EnrollmentStepDefinitions" name="enrollment" time="2.128">
    <skipped/>
  </testcase> <!-- enrollment -->
  <system-out/>
  <testcase classname="stepDefinitions.EnrollmentStepDefinitions" name="the_agent_is_installed" time="31.258">
    <skipped/>
  </testcase> <!-- the_agent_is_installed -->
  <system-out/>
  <testcase classname="stepDefinitions.EnrollmentStepDefinitions" name="enrollment" time="1.064">
    <skipped/>
  </testcase> <!-- enrollment -->
  <system-out/>
  <testcase classname="stepDefinitions.EnrollmentStepDefinitions" name="the_agent_is_installed" time="30.883">
    <skipped/>
  </testcase> <!-- the_agent_is_installed -->
  <system-out/>
  <testcase classname="stepDefinitions.EnrollmentStepDefinitions" name="the_agent_is_installed" time="30.970">
    <skipped/>
  </testcase> <!-- the_agent_is_installed -->
  <system-out/>
  <testcase classname="stepDefinitions.EnrollmentStepDefinitions" name="the_agent_is_installed" time="30.725">
    <skipped/>
  </testcase> <!-- the_agent_is_installed -->
  <system-out/>
  <testcase classname="stepDefinitions.EnrollmentStepDefinitions" name="enrollment" time="1.089">
    <skipped/>
  </testcase> <!-- enrollment -->
  <system-out/>
  <testcase classname="stepDefinitions.EnrollmentStepDefinitions" name="enrollment" time="3.442">
    <skipped/>
  </testcase> <!-- enrollment -->
  <system-out/>
</testsuite> <!-- stepDefinitions.EnrollmentStepDefinitions -->
