<?xml version="1.0" encoding="UTF-8"?>
<!-- Generated by org.testng.reporters.JUnitReportReporter -->
<testsuite hostname="CAL210" failures="0" tests="1" name="tests.EnrollmentStepDefinitions" time="0.015" errors="0" timestamp="2021-06-07T16:13:30 EDT" skipped="0">
  <testcase classname="tests.EnrollmentStepDefinitions" name="the_agent_is_installed" time="0.015"/>
  <system-out/>
</testsuite> <!-- tests.EnrollmentStepDefinitions -->
