<?xml version="1.0" encoding="UTF-8"?>
<!-- Generated by org.testng.reporters.JUnitReportReporter -->
<testsuite hostname="CAL210" failures="0" tests="1" name="runner.TestUtil" time="0.338" errors="0" timestamp="2021-06-07T18:00:10 EDT" skipped="0">
  <testcase classname="runner.TestUtil" name="runScenario" time="0.338"/>
  <system-out/>
</testsuite> <!-- runner.TestUtil -->
