<?xml version="1.0" encoding="UTF-8"?>
<!-- Generated by org.testng.reporters.JUnitReportReporter -->
<testsuite hostname="CAD380" failures="0" tests="3" name="stepDefinitions.WCAndroidEnterpriseBindingStepDefinition" time="28.362" errors="0" timestamp="2021-07-21T16:32:50 EDT" skipped="0">
  <testcase classname="stepDefinitions.WCAndroidEnterpriseBindingStepDefinition" name="user_is_logged_into_the_home_page" time="13.484"/>
  <system-out/>
  <testcase classname="stepDefinitions.WCAndroidEnterpriseBindingStepDefinition" name="user_navigates_to_global_settings_to_bind_google_account" time="3.219"/>
  <system-out/>
  <testcase classname="stepDefinitions.WCAndroidEnterpriseBindingStepDefinition" name="android_enterprise_binding_should_be_completed" time="11.659"/>
  <system-out/>
</testsuite> <!-- stepDefinitions.WCAndroidEnterpriseBindingStepDefinition -->
