<?xml version="1.0" encoding="UTF-8"?>
<!-- Generated by org.testng.reporters.JUnitReportReporter -->
<testsuite hostname="CAD380" failures="0" tests="3" name="stepDefinitions.WCCleanEnrollmentStepDefinitions" time="54.835" errors="0" timestamp="2021-07-21T17:07:54 EDT" skipped="0">
  <testcase classname="stepDefinitions.WCCleanEnrollmentStepDefinitions" name="user_is_logged_into_the_home_page" time="13.442"/>
  <system-out/>
  <testcase classname="stepDefinitions.WCCleanEnrollmentStepDefinitions" name="user_Navigates_to_rules_tab_to_create_clean_enrollment" time="7.991"/>
  <system-out/>
  <testcase classname="stepDefinitions.WCCleanEnrollmentStepDefinitions" name="clean_Enrollment_rule_is_created_with_unique_enrollment_ID" time="33.402"/>
  <system-out/>
</testsuite> <!-- stepDefinitions.WCCleanEnrollmentStepDefinitions -->
